<?xml version="1.0" encoding="UTF-8"?>
<!-- Generated by org.testng.reporters.JUnitReportReporter -->
<testsuite hostname="Abegh-PC" failures="0" tests="3" name="Test.Practice4" time="0.002" errors="0" timestamp="2022-11-11T18:52:46 BDT" skipped="0">
  <testcase classname="Test.Practice4" name="WebLoginHomeLoan" time="0.001"/>
  <system-out/>
  <testcase classname="Test.Practice4" name="MobileLoginHomeLoan" time="0.001"/>
  <system-out/>
  <testcase classname="Test.Practice4" name="LoginAPIHomeLoan" time="0.000"/>
  <system-out/>
</testsuite> <!-- Test.Practice4 -->
