<?xml version="1.0" encoding="UTF-8"?>
<!-- Generated by org.testng.reporters.JUnitReportReporter -->
<testsuite hostname="Abegh-PC" failures="0" tests="2" name="Test.Practice3" time="0.001" errors="0" timestamp="2023-04-15T16:34:58 BDT" skipped="1">
  <testcase classname="Test.Practice3" name="MobileLoginCarLoan" time="0.001"/>
  <system-out/>
  <testcase classname="Test.Practice3" name="MobileSigninCarLoan">
    <skipped/>
  </testcase> <!-- MobileSigninCarLoan -->
  <system-out/>
</testsuite> <!-- Test.Practice3 -->
