<?xml version="1.0" encoding="UTF-8"?>
<!-- Generated by org.testng.reporters.JUnitReportReporter -->
<testsuite hostname="Abegh-PC" failures="0" tests="1" name="Test.Practice2" time="0.012" errors="0" timestamp="2023-04-15T16:34:58 BDT" skipped="0">
  <testcase classname="Test.Practice2" name="ploan" time="0.012"/>
  <system-out/>
</testsuite> <!-- Test.Practice2 -->
