<?xml version="1.0" encoding="UTF-8"?>
<!-- Generated by org.testng.reporters.JUnitReportReporter -->
<testsuite hostname="Abegh-PC" failures="0" tests="1" name="Test.Practice1" time="0.005" errors="0" timestamp="2022-11-11T18:52:46 BDT" skipped="0">
  <testcase classname="Test.Practice1" name="Demo" time="0.005"/>
  <system-out/>
</testsuite> <!-- Test.Practice1 -->
