<?xml version="1.0" encoding="UTF-8"?>
<!-- Generated by org.testng.reporters.JUnitReportReporter -->
<testsuite hostname="Abegh-PC" failures="0" tests="6" name="Test.Practice3" time="0.011" errors="0" timestamp="2022-11-11T18:52:46 BDT" skipped="1">
  <testcase classname="Test.Practice3" name="MobileLoginCarLoan" time="0.002"/>
  <system-out/>
  <testcase classname="Test.Practice3" name="MobileSignoutCarLoan" time="0.003"/>
  <system-out/>
  <testcase classname="Test.Practice3" name="WebLoginCarLoan" time="0.002"/>
  <system-out/>
  <testcase classname="Test.Practice3" name="MobileSignoutCarLoan" time="0.000"/>
  <system-out/>
  <testcase classname="Test.Practice3" name="MobileSignoutCarLoan" time="0.004"/>
  <system-out/>
  <testcase classname="Test.Practice3" name="MobileSigninCarLoan">
    <skipped/>
  </testcase> <!-- MobileSigninCarLoan -->
  <system-out/>
</testsuite> <!-- Test.Practice3 -->
