<?xml version="1.0" encoding="UTF-8"?>
<!-- Generated by org.testng.reporters.JUnitReportReporter -->
<testsuite hostname="Abegh-PC" failures="0" tests="1" name="Test.Practice4" time="0.001" errors="0" timestamp="2023-04-15T16:34:58 BDT" skipped="0">
  <testcase classname="Test.Practice4" name="MobileLoginHomeLoan" time="0.001"/>
  <system-out/>
</testsuite> <!-- Test.Practice4 -->
