<?xml version="1.0" encoding="UTF-8"?>
<!-- Generated by org.testng.reporters.JUnitReportReporter -->
<testsuite hostname="Abegh-PC" failures="0" tests="1" name="Test.Practice2" time="0.001" errors="0" timestamp="2022-11-11T18:52:46 BDT" skipped="0">
  <testcase classname="Test.Practice2" name="ploan" time="0.001"/>
  <system-out/>
</testsuite> <!-- Test.Practice2 -->
