<?xml version="1.0" encoding="UTF-8"?>
<!-- Generated by org.testng.reporters.JUnitReportReporter -->
<testsuite hostname="Abegh-PC" failures="0" tests="1" name="Test.Practice1" time="0.015" errors="0" timestamp="2023-04-15T16:05:24 BDT" skipped="0">
  <testcase classname="Test.Practice1" name="Demo" time="0.015"/>
  <system-out/>
</testsuite> <!-- Test.Practice1 -->
