<?xml version="1.0" encoding="UTF-8"?>
<!-- Generated by org.testng.reporters.JUnitReportReporter -->
<testsuite hostname="Abegh-PC" failures="0" tests="1" name="Docker.ChromeTest" time="13.521" errors="0" timestamp="2023-06-09T00:52:34 BDT" skipped="0">
  <testcase classname="Docker.ChromeTest" name="test1" time="13.521"/>
  <system-out/>
</testsuite> <!-- Docker.ChromeTest -->
