<?xml version="1.0" encoding="UTF-8"?>
<!-- Generated by org.testng.reporters.JUnitReportReporter -->
<testsuite hostname="Abegh-PC" failures="0" tests="1" name="Docker.EdgeTest" time="16.408" errors="0" timestamp="2023-06-09T00:52:34 BDT" skipped="0">
  <testcase classname="Docker.EdgeTest" name="test3" time="16.408"/>
  <system-out/>
</testsuite> <!-- Docker.EdgeTest -->
